# JRE version: Java(TM) SE Runtime Environment (8.0_73-b02) (build 1.8.0_73-b02)
# Java VM: Java HotSpot(TM) 64-Bit Server VM (25.73-b02 mixed mode linux-amd64 compressed oops)
Heap:
 PSYoungGen      total 198656K, used 12068K [0x00000000e2980000, 0x00000000eff80000, 0x0000000100000000)
  eden space 183296K, 0% used [0x00000000e2980000,0x00000000e2980000,0x00000000edc80000)
  from space 15360K, 78% used [0x00000000edc80000,0x00000000ee849240,0x00000000eeb80000)
  to   space 10240K, 0% used [0x00000000eeb80000,0x00000000eeb80000,0x00000000ef580000)
 ParOldGen       total 65024K, used 23339K [0x00000000a7c00000, 0x00000000abb80000, 0x00000000e2980000)
  object space 65024K, 35% used [0x00000000a7c00000,0x00000000a92cada8,0x00000000abb80000)
 Metaspace       used 24715K, capacity 25332K, committed 25600K, reserved 1071104K
  class space    used 2853K, capacity 3051K, committed 3072K, reserved 1048576K
GC Heap History (10 events):
Event: 5,717 GC heap after
Heap after GC invocations=3 (full 0):
 PSYoungGen      total 50688K, used 3552K [0x00000000e2980000, 0x00000000e8c80000, 0x0000000100000000)
  eden space 47104K, 0% used [0x00000000e2980000,0x00000000e2980000,0x00000000e5780000)
  from space 3584K, 99% used [0x00000000e5780000,0x00000000e5af8020,0x00000000e5b00000)
  to   space 3584K, 0% used [0x00000000e8900000,0x00000000e8900000,0x00000000e8c80000)
 ParOldGen       total 61440K, used 5627K [0x00000000a7c00000, 0x00000000ab800000, 0x00000000e2980000)
  object space 61440K, 9% used [0x00000000a7c00000,0x00000000a817ec88,0x00000000ab800000)
 Metaspace       used 13389K, capacity 13706K, committed 14080K, reserved 1060864K
  class space    used 1621K, capacity 1729K, committed 1792K, reserved 1048576K
}
Event: 7,016 GC heap before
{Heap before GC invocations=4 (full 0):
 PSYoungGen      total 50688K, used 50656K [0x00000000e2980000, 0x00000000e8c80000, 0x0000000100000000)
  eden space 47104K, 100% used [0x00000000e2980000,0x00000000e5780000,0x00000000e5780000)
  from space 3584K, 99% used [0x00000000e5780000,0x00000000e5af8020,0x00000000e5b00000)
  to   space 3584K, 0% used [0x00000000e8900000,0x00000000e8900000,0x00000000e8c80000)
 ParOldGen       total 61440K, used 5627K [0x00000000a7c00000, 0x00000000ab800000, 0x00000000e2980000)
  object space 61440K, 9% used [0x00000000a7c00000,0x00000000a817ec88,0x00000000ab800000)
 Metaspace       used 13530K, capacity 13904K, committed 14080K, reserved 1060864K
  class space    used 1625K, capacity 1730K, committed 1792K, reserved 1048576K
Event: 7,112 GC heap after
Heap after GC invocations=4 (full 0):
 PSYoungGen      total 97792K, used 3568K [0x00000000e2980000, 0x00000000e8c80000, 0x0000000100000000)
  eden space 94208K, 0% used [0x00000000e2980000,0x00000000e2980000,0x00000000e8580000)
  from space 3584K, 99% used [0x00000000e8900000,0x00000000e8c7c030,0x00000000e8c80000)
  to   space 3584K, 0% used [0x00000000e8580000,0x00000000e8580000,0x00000000e8900000)
 ParOldGen       total 61440K, used 8255K [0x00000000a7c00000, 0x00000000ab800000, 0x00000000e2980000)
  object space 61440K, 13% used [0x00000000a7c00000,0x00000000a840fc98,0x00000000ab800000)
 Metaspace       used 13530K, capacity 13904K, committed 14080K, reserved 1060864K
  class space    used 1625K, capacity 1730K, committed 1792K, reserved 1048576K
}
Event: 12,037 GC heap before
{Heap before GC invocations=5 (full 0):
 PSYoungGen      total 97792K, used 97776K [0x00000000e2980000, 0x00000000e8c80000, 0x0000000100000000)
  eden space 94208K, 100% used [0x00000000e2980000,0x00000000e8580000,0x00000000e8580000)
  from space 3584K, 99% used [0x00000000e8900000,0x00000000e8c7c030,0x00000000e8c80000)
  to   space 3584K, 0% used [0x00000000e8580000,0x00000000e8580000,0x00000000e8900000)
 ParOldGen       total 61440K, used 8255K [0x00000000a7c00000, 0x00000000ab800000, 0x00000000e2980000)
  object space 61440K, 13% used [0x00000000a7c00000,0x00000000a840fc98,0x00000000ab800000)
 Metaspace       used 18593K, capacity 19060K, committed 19328K, reserved 1067008K
  class space    used 2257K, capacity 2404K, committed 2432K, reserved 1048576K
Event: 12,123 GC heap after
Heap after GC invocations=5 (full 0):
 PSYoungGen      total 97792K, used 3582K [0x00000000e2980000, 0x00000000ef580000, 0x0000000100000000)
  eden space 94208K, 0% used [0x00000000e2980000,0x00000000e2980000,0x00000000e8580000)
  from space 3584K, 99% used [0x00000000e8580000,0x00000000e88ffb48,0x00000000e8900000)
  to   space 10240K, 0% used [0x00000000eeb80000,0x00000000eeb80000,0x00000000ef580000)
 ParOldGen       total 61440K, used 13938K [0x00000000a7c00000, 0x00000000ab800000, 0x00000000e2980000)
  object space 61440K, 22% used [0x00000000a7c00000,0x00000000a899cab0,0x00000000ab800000)
 Metaspace       used 18593K, capacity 19060K, committed 19328K, reserved 1067008K
  class space    used 2257K, capacity 2404K, committed 2432K, reserved 1048576K
}
Event: 14,460 GC heap before
{Heap before GC invocations=6 (full 0):
 PSYoungGen      total 97792K, used 57893K [0x00000000e2980000, 0x00000000ef580000, 0x0000000100000000)
  eden space 94208K, 57% used [0x00000000e2980000,0x00000000e5e899d0,0x00000000e8580000)
  from space 3584K, 99% used [0x00000000e8580000,0x00000000e88ffb48,0x00000000e8900000)
  to   space 10240K, 0% used [0x00000000eeb80000,0x00000000eeb80000,0x00000000ef580000)
 ParOldGen       total 61440K, used 13938K [0x00000000a7c00000, 0x00000000ab800000, 0x00000000e2980000)
  object space 61440K, 22% used [0x00000000a7c00000,0x00000000a899cab0,0x00000000ab800000)
 Metaspace       used 20638K, capacity 21076K, committed 21296K, reserved 1069056K
  class space    used 2437K, capacity 2564K, committed 2688K, reserved 1048576K
Event: 14,550 GC heap after
Heap after GC invocations=6 (full 0):
 PSYoungGen      total 193536K, used 10226K [0x00000000e2980000, 0x00000000eff80000, 0x0000000100000000)
  eden space 183296K, 0% used [0x00000000e2980000,0x00000000e2980000,0x00000000edc80000)
  from space 10240K, 99% used [0x00000000eeb80000,0x00000000ef57ca40,0x00000000ef580000)
  to   space 15360K, 0% used [0x00000000edc80000,0x00000000edc80000,0x00000000eeb80000)
 ParOldGen       total 61440K, used 20433K [0x00000000a7c00000, 0x00000000ab800000, 0x00000000e2980000)
  object space 61440K, 33% used [0x00000000a7c00000,0x00000000a8ff47c8,0x00000000ab800000)
 Metaspace       used 20638K, capacity 21076K, committed 21296K, reserved 1069056K
  class space    used 2437K, capacity 2564K, committed 2688K, reserved 1048576K
}
Event: 14,550 GC heap before
{Heap before GC invocations=7 (full 1):
 PSYoungGen      total 193536K, used 10226K [0x00000000e2980000, 0x00000000eff80000, 0x0000000100000000)
  eden space 183296K, 0% used [0x00000000e2980000,0x00000000e2980000,0x00000000edc80000)
  from space 10240K, 99% used [0x00000000eeb80000,0x00000000ef57ca40,0x00000000ef580000)
  to   space 15360K, 0% used [0x00000000edc80000,0x00000000edc80000,0x00000000eeb80000)
 ParOldGen       total 61440K, used 20433K [0x00000000a7c00000, 0x00000000ab800000, 0x00000000e2980000)
  object space 61440K, 33% used [0x00000000a7c00000,0x00000000a8ff47c8,0x00000000ab800000)
 Metaspace       used 20638K, capacity 21076K, committed 21296K, reserved 1069056K
  class space    used 2437K, capacity 2564K, committed 2688K, reserved 1048576K
Event: 14,912 GC heap after
Heap after GC invocations=7 (full 1):
 PSYoungGen      total 193536K, used 0K [0x00000000e2980000, 0x00000000eff80000, 0x0000000100000000)
  eden space 183296K, 0% used [0x00000000e2980000,0x00000000e2980000,0x00000000edc80000)
  from space 10240K, 0% used [0x00000000eeb80000,0x00000000eeb80000,0x00000000ef580000)
  to   space 15360K, 0% used [0x00000000edc80000,0x00000000edc80000,0x00000000eeb80000)
 ParOldGen       total 65024K, used 23331K [0x00000000a7c00000, 0x00000000abb80000, 0x00000000e2980000)
  object space 65024K, 35% used [0x00000000a7c00000,0x00000000a92c8da8,0x00000000abb80000)
 Metaspace       used 20638K, capacity 21076K, committed 21296K, reserved 1069056K
  class space    used 2437K, capacity 2564K, committed 2688K, reserved 1048576K
}
Event: 35,293 GC heap before
{Heap before GC invocations=8 (full 1):
 PSYoungGen      total 193536K, used 158577K [0x00000000e2980000, 0x00000000eff80000, 0x0000000100000000)
  eden space 183296K, 86% used [0x00000000e2980000,0x00000000ec45c790,0x00000000edc80000)
  from space 10240K, 0% used [0x00000000eeb80000,0x00000000eeb80000,0x00000000ef580000)
  to   space 15360K, 0% used [0x00000000edc80000,0x00000000edc80000,0x00000000eeb80000)
 ParOldGen       total 65024K, used 23331K [0x00000000a7c00000, 0x00000000abb80000, 0x00000000e2980000)
  object space 65024K, 35% used [0x00000000a7c00000,0x00000000a92c8da8,0x00000000abb80000)
 Metaspace       used 24715K, capacity 25332K, committed 25600K, reserved 1071104K
  class space    used 2853K, capacity 3051K, committed 3072K, reserved 1048576K

