# JRE version: Java(TM) SE Runtime Environment (8.0_73-b02) (build 1.8.0_73-b02)
# Java VM: Java HotSpot(TM) 64-Bit Server VM (25.73-b02 mixed mode linux-amd64 compressed oops)
Heap:
 PSYoungGen      total 198656K, used 9440K [0x00000000e2980000, 0x00000000eff80000, 0x0000000100000000)
  eden space 183296K, 0% used [0x00000000e2980000,0x00000000e2980000,0x00000000edc80000)
  from space 15360K, 61% used [0x00000000edc80000,0x00000000ee5b8008,0x00000000eeb80000)
  to   space 10240K, 0% used [0x00000000eeb80000,0x00000000eeb80000,0x00000000ef580000)
 ParOldGen       total 59392K, used 22131K [0x00000000a7c00000, 0x00000000ab600000, 0x00000000e2980000)
  object space 59392K, 37% used [0x00000000a7c00000,0x00000000a919cca0,0x00000000ab600000)
 Metaspace       used 24270K, capacity 24940K, committed 25088K, reserved 1071104K
  class space    used 2850K, capacity 3051K, committed 3072K, reserved 1048576K
GC Heap History (10 events):
Event: 4,021 GC heap after
Heap after GC invocations=3 (full 0):
 PSYoungGen      total 50688K, used 3568K [0x00000000e2980000, 0x00000000e8c80000, 0x0000000100000000)
  eden space 47104K, 0% used [0x00000000e2980000,0x00000000e2980000,0x00000000e5780000)
  from space 3584K, 99% used [0x00000000e5780000,0x00000000e5afc030,0x00000000e5b00000)
  to   space 3584K, 0% used [0x00000000e8900000,0x00000000e8900000,0x00000000e8c80000)
 ParOldGen       total 61440K, used 5913K [0x00000000a7c00000, 0x00000000ab800000, 0x00000000e2980000)
  object space 61440K, 9% used [0x00000000a7c00000,0x00000000a81c67b8,0x00000000ab800000)
 Metaspace       used 13378K, capacity 13706K, committed 14080K, reserved 1060864K
  class space    used 1623K, capacity 1729K, committed 1792K, reserved 1048576K
}
Event: 4,974 GC heap before
{Heap before GC invocations=4 (full 0):
 PSYoungGen      total 50688K, used 50672K [0x00000000e2980000, 0x00000000e8c80000, 0x0000000100000000)
  eden space 47104K, 100% used [0x00000000e2980000,0x00000000e5780000,0x00000000e5780000)
  from space 3584K, 99% used [0x00000000e5780000,0x00000000e5afc030,0x00000000e5b00000)
  to   space 3584K, 0% used [0x00000000e8900000,0x00000000e8900000,0x00000000e8c80000)
 ParOldGen       total 61440K, used 5913K [0x00000000a7c00000, 0x00000000ab800000, 0x00000000e2980000)
  object space 61440K, 9% used [0x00000000a7c00000,0x00000000a81c67b8,0x00000000ab800000)
 Metaspace       used 13501K, capacity 13904K, committed 14080K, reserved 1060864K
  class space    used 1627K, capacity 1730K, committed 1792K, reserved 1048576K
Event: 5,067 GC heap after
Heap after GC invocations=4 (full 0):
 PSYoungGen      total 97792K, used 3552K [0x00000000e2980000, 0x00000000e8c80000, 0x0000000100000000)
  eden space 94208K, 0% used [0x00000000e2980000,0x00000000e2980000,0x00000000e8580000)
  from space 3584K, 99% used [0x00000000e8900000,0x00000000e8c78020,0x00000000e8c80000)
  to   space 3584K, 0% used [0x00000000e8580000,0x00000000e8580000,0x00000000e8900000)
 ParOldGen       total 61440K, used 8289K [0x00000000a7c00000, 0x00000000ab800000, 0x00000000e2980000)
  object space 61440K, 13% used [0x00000000a7c00000,0x00000000a84187b8,0x00000000ab800000)
 Metaspace       used 13501K, capacity 13904K, committed 14080K, reserved 1060864K
  class space    used 1627K, capacity 1730K, committed 1792K, reserved 1048576K
}
Event: 8,972 GC heap before
{Heap before GC invocations=5 (full 0):
 PSYoungGen      total 97792K, used 97760K [0x00000000e2980000, 0x00000000e8c80000, 0x0000000100000000)
  eden space 94208K, 100% used [0x00000000e2980000,0x00000000e8580000,0x00000000e8580000)
  from space 3584K, 99% used [0x00000000e8900000,0x00000000e8c78020,0x00000000e8c80000)
  to   space 3584K, 0% used [0x00000000e8580000,0x00000000e8580000,0x00000000e8900000)
 ParOldGen       total 61440K, used 8289K [0x00000000a7c00000, 0x00000000ab800000, 0x00000000e2980000)
  object space 61440K, 13% used [0x00000000a7c00000,0x00000000a84187b8,0x00000000ab800000)
 Metaspace       used 18579K, capacity 19056K, committed 19328K, reserved 1067008K
  class space    used 2258K, capacity 2404K, committed 2432K, reserved 1048576K
Event: 9,142 GC heap after
Heap after GC invocations=5 (full 0):
 PSYoungGen      total 97792K, used 3568K [0x00000000e2980000, 0x00000000ef580000, 0x0000000100000000)
  eden space 94208K, 0% used [0x00000000e2980000,0x00000000e2980000,0x00000000e8580000)
  from space 3584K, 99% used [0x00000000e8580000,0x00000000e88fc010,0x00000000e8900000)
  to   space 10240K, 0% used [0x00000000eeb80000,0x00000000eeb80000,0x00000000ef580000)
 ParOldGen       total 61440K, used 13898K [0x00000000a7c00000, 0x00000000ab800000, 0x00000000e2980000)
  object space 61440K, 22% used [0x00000000a7c00000,0x00000000a89928c8,0x00000000ab800000)
 Metaspace       used 18579K, capacity 19056K, committed 19328K, reserved 1067008K
  class space    used 2258K, capacity 2404K, committed 2432K, reserved 1048576K
}
Event: 10,712 GC heap before
{Heap before GC invocations=6 (full 0):
 PSYoungGen      total 97792K, used 64479K [0x00000000e2980000, 0x00000000ef580000, 0x0000000100000000)
  eden space 94208K, 64% used [0x00000000e2980000,0x00000000e64fbc80,0x00000000e8580000)
  from space 3584K, 99% used [0x00000000e8580000,0x00000000e88fc010,0x00000000e8900000)
  to   space 10240K, 0% used [0x00000000eeb80000,0x00000000eeb80000,0x00000000ef580000)
 ParOldGen       total 61440K, used 13898K [0x00000000a7c00000, 0x00000000ab800000, 0x00000000e2980000)
  object space 61440K, 22% used [0x00000000a7c00000,0x00000000a89928c8,0x00000000ab800000)
 Metaspace       used 20528K, capacity 21032K, committed 21296K, reserved 1069056K
  class space    used 2436K, capacity 2567K, committed 2688K, reserved 1048576K
Event: 10,831 GC heap after
Heap after GC invocations=6 (full 0):
 PSYoungGen      total 193536K, used 10232K [0x00000000e2980000, 0x00000000eff80000, 0x0000000100000000)
  eden space 183296K, 0% used [0x00000000e2980000,0x00000000e2980000,0x00000000edc80000)
  from space 10240K, 99% used [0x00000000eeb80000,0x00000000ef57e290,0x00000000ef580000)
  to   space 15360K, 0% used [0x00000000edc80000,0x00000000edc80000,0x00000000eeb80000)
 ParOldGen       total 61440K, used 20416K [0x00000000a7c00000, 0x00000000ab800000, 0x00000000e2980000)
  object space 61440K, 33% used [0x00000000a7c00000,0x00000000a8ff03b8,0x00000000ab800000)
 Metaspace       used 20528K, capacity 21032K, committed 21296K, reserved 1069056K
  class space    used 2436K, capacity 2567K, committed 2688K, reserved 1048576K
}
Event: 10,831 GC heap before
{Heap before GC invocations=7 (full 1):
 PSYoungGen      total 193536K, used 10232K [0x00000000e2980000, 0x00000000eff80000, 0x0000000100000000)
  eden space 183296K, 0% used [0x00000000e2980000,0x00000000e2980000,0x00000000edc80000)
  from space 10240K, 99% used [0x00000000eeb80000,0x00000000ef57e290,0x00000000ef580000)
  to   space 15360K, 0% used [0x00000000edc80000,0x00000000edc80000,0x00000000eeb80000)
 ParOldGen       total 61440K, used 20416K [0x00000000a7c00000, 0x00000000ab800000, 0x00000000e2980000)
  object space 61440K, 33% used [0x00000000a7c00000,0x00000000a8ff03b8,0x00000000ab800000)
 Metaspace       used 20528K, capacity 21032K, committed 21296K, reserved 1069056K
  class space    used 2436K, capacity 2567K, committed 2688K, reserved 1048576K
Event: 11,003 GC heap after
Heap after GC invocations=7 (full 1):
 PSYoungGen      total 193536K, used 0K [0x00000000e2980000, 0x00000000eff80000, 0x0000000100000000)
  eden space 183296K, 0% used [0x00000000e2980000,0x00000000e2980000,0x00000000edc80000)
  from space 10240K, 0% used [0x00000000eeb80000,0x00000000eeb80000,0x00000000ef580000)
  to   space 15360K, 0% used [0x00000000edc80000,0x00000000edc80000,0x00000000eeb80000)
 ParOldGen       total 59392K, used 22123K [0x00000000a7c00000, 0x00000000ab600000, 0x00000000e2980000)
  object space 59392K, 37% used [0x00000000a7c00000,0x00000000a919aca0,0x00000000ab600000)
 Metaspace       used 20528K, capacity 21032K, committed 21296K, reserved 1069056K
  class space    used 2436K, capacity 2567K, committed 2688K, reserved 1048576K
}
Event: 23,588 GC heap before
{Heap before GC invocations=8 (full 1):
 PSYoungGen      total 193536K, used 120264K [0x00000000e2980000, 0x00000000eff80000, 0x0000000100000000)
  eden space 183296K, 65% used [0x00000000e2980000,0x00000000e9ef2280,0x00000000edc80000)
  from space 10240K, 0% used [0x00000000eeb80000,0x00000000eeb80000,0x00000000ef580000)
  to   space 15360K, 0% used [0x00000000edc80000,0x00000000edc80000,0x00000000eeb80000)
 ParOldGen       total 59392K, used 22123K [0x00000000a7c00000, 0x00000000ab600000, 0x00000000e2980000)
  object space 59392K, 37% used [0x00000000a7c00000,0x00000000a919aca0,0x00000000ab600000)
 Metaspace       used 24270K, capacity 24940K, committed 25088K, reserved 1071104K
  class space    used 2850K, capacity 3051K, committed 3072K, reserved 1048576K

