# JRE version: Java(TM) SE Runtime Environment (8.0_73-b02) (build 1.8.0_73-b02)
# Java VM: Java HotSpot(TM) 64-Bit Server VM (25.73-b02 mixed mode linux-amd64 compressed oops)
Heap:
 PSYoungGen      total 50688K, used 3568K [0x00000000e2980000, 0x00000000e5e80000, 0x0000000100000000)
  eden space 47104K, 0% used [0x00000000e2980000,0x00000000e2980000,0x00000000e5780000)
  from space 3584K, 99% used [0x00000000e5780000,0x00000000e5afc010,0x00000000e5b00000)
  to   space 3584K, 0% used [0x00000000e5b00000,0x00000000e5b00000,0x00000000e5e80000)
 ParOldGen       total 61440K, used 8006K [0x00000000a7c00000, 0x00000000ab800000, 0x00000000e2980000)
  object space 61440K, 13% used [0x00000000a7c00000,0x00000000a83d1b48,0x00000000ab800000)
 Metaspace       used 13498K, capacity 13904K, committed 14080K, reserved 1060864K
  class space    used 1625K, capacity 1730K, committed 1792K, reserved 1048576K
GC Heap History (9 events):
Event: 2,813 GC heap before
{Heap before GC invocations=1 (full 0):
 PSYoungGen      total 27136K, used 23552K [0x00000000e2980000, 0x00000000e4780000, 0x0000000100000000)
  eden space 23552K, 100% used [0x00000000e2980000,0x00000000e4080000,0x00000000e4080000)
  from space 3584K, 0% used [0x00000000e4400000,0x00000000e4400000,0x00000000e4780000)
  to   space 3584K, 0% used [0x00000000e4080000,0x00000000e4080000,0x00000000e4400000)
 ParOldGen       total 61440K, used 0K [0x00000000a7c00000, 0x00000000ab800000, 0x00000000e2980000)
  object space 61440K, 0% used [0x00000000a7c00000,0x00000000a7c00000,0x00000000ab800000)
 Metaspace       used 6898K, capacity 7112K, committed 7424K, reserved 1056768K
  class space    used 861K, capacity 924K, committed 1024K, reserved 1048576K
Event: 2,832 GC heap after
Heap after GC invocations=1 (full 0):
 PSYoungGen      total 27136K, used 3563K [0x00000000e2980000, 0x00000000e4780000, 0x0000000100000000)
  eden space 23552K, 0% used [0x00000000e2980000,0x00000000e2980000,0x00000000e4080000)
  from space 3584K, 99% used [0x00000000e4080000,0x00000000e43fac50,0x00000000e4400000)
  to   space 3584K, 0% used [0x00000000e4400000,0x00000000e4400000,0x00000000e4780000)
 ParOldGen       total 61440K, used 162K [0x00000000a7c00000, 0x00000000ab800000, 0x00000000e2980000)
  object space 61440K, 0% used [0x00000000a7c00000,0x00000000a7c28bf8,0x00000000ab800000)
 Metaspace       used 6898K, capacity 7112K, committed 7424K, reserved 1056768K
  class space    used 861K, capacity 924K, committed 1024K, reserved 1048576K
}
Event: 4,627 GC heap before
{Heap before GC invocations=2 (full 0):
 PSYoungGen      total 27136K, used 27115K [0x00000000e2980000, 0x00000000e4780000, 0x0000000100000000)
  eden space 23552K, 100% used [0x00000000e2980000,0x00000000e4080000,0x00000000e4080000)
  from space 3584K, 99% used [0x00000000e4080000,0x00000000e43fac50,0x00000000e4400000)
  to   space 3584K, 0% used [0x00000000e4400000,0x00000000e4400000,0x00000000e4780000)
 ParOldGen       total 61440K, used 162K [0x00000000a7c00000, 0x00000000ab800000, 0x00000000e2980000)
  object space 61440K, 0% used [0x00000000a7c00000,0x00000000a7c28bf8,0x00000000ab800000)
 Metaspace       used 9757K, capacity 9960K, committed 10112K, reserved 1058816K
  class space    used 1240K, capacity 1313K, committed 1408K, reserved 1048576K
Event: 4,679 GC heap after
Heap after GC invocations=2 (full 0):
 PSYoungGen      total 27136K, used 3566K [0x00000000e2980000, 0x00000000e5e80000, 0x0000000100000000)
  eden space 23552K, 0% used [0x00000000e2980000,0x00000000e2980000,0x00000000e4080000)
  from space 3584K, 99% used [0x00000000e4400000,0x00000000e477b938,0x00000000e4780000)
  to   space 3584K, 0% used [0x00000000e4080000,0x00000000e4080000,0x00000000e4400000)
 ParOldGen       total 61440K, used 1472K [0x00000000a7c00000, 0x00000000ab800000, 0x00000000e2980000)
  object space 61440K, 2% used [0x00000000a7c00000,0x00000000a7d70388,0x00000000ab800000)
 Metaspace       used 9757K, capacity 9960K, committed 10112K, reserved 1058816K
  class space    used 1240K, capacity 1313K, committed 1408K, reserved 1048576K
}
Event: 6,502 GC heap before
{Heap before GC invocations=3 (full 0):
 PSYoungGen      total 27136K, used 27118K [0x00000000e2980000, 0x00000000e5e80000, 0x0000000100000000)
  eden space 23552K, 100% used [0x00000000e2980000,0x00000000e4080000,0x00000000e4080000)
  from space 3584K, 99% used [0x00000000e4400000,0x00000000e477b938,0x00000000e4780000)
  to   space 3584K, 0% used [0x00000000e4080000,0x00000000e4080000,0x00000000e4400000)
 ParOldGen       total 61440K, used 1472K [0x00000000a7c00000, 0x00000000ab800000, 0x00000000e2980000)
  object space 61440K, 2% used [0x00000000a7c00000,0x00000000a7d70388,0x00000000ab800000)
 Metaspace       used 13033K, capacity 13404K, committed 13824K, reserved 1060864K
  class space    used 1588K, capacity 1693K, committed 1792K, reserved 1048576K
Event: 6,548 GC heap after
Heap after GC invocations=3 (full 0):
 PSYoungGen      total 27136K, used 3568K [0x00000000e2980000, 0x00000000e5e80000, 0x0000000100000000)
  eden space 23552K, 0% used [0x00000000e2980000,0x00000000e2980000,0x00000000e4080000)
  from space 3584K, 99% used [0x00000000e4080000,0x00000000e43fc010,0x00000000e4400000)
  to   space 3584K, 0% used [0x00000000e5b00000,0x00000000e5b00000,0x00000000e5e80000)
 ParOldGen       total 61440K, used 3539K [0x00000000a7c00000, 0x00000000ab800000, 0x00000000e2980000)
  object space 61440K, 5% used [0x00000000a7c00000,0x00000000a7f74e38,0x00000000ab800000)
 Metaspace       used 13033K, capacity 13404K, committed 13824K, reserved 1060864K
  class space    used 1588K, capacity 1693K, committed 1792K, reserved 1048576K
}
Event: 7,526 GC heap before
{Heap before GC invocations=4 (full 0):
 PSYoungGen      total 27136K, used 27120K [0x00000000e2980000, 0x00000000e5e80000, 0x0000000100000000)
  eden space 23552K, 100% used [0x00000000e2980000,0x00000000e4080000,0x00000000e4080000)
  from space 3584K, 99% used [0x00000000e4080000,0x00000000e43fc010,0x00000000e4400000)
  to   space 3584K, 0% used [0x00000000e5b00000,0x00000000e5b00000,0x00000000e5e80000)
 ParOldGen       total 61440K, used 3539K [0x00000000a7c00000, 0x00000000ab800000, 0x00000000e2980000)
  object space 61440K, 5% used [0x00000000a7c00000,0x00000000a7f74e38,0x00000000ab800000)
 Metaspace       used 13359K, capacity 13706K, committed 14080K, reserved 1060864K
  class space    used 1621K, capacity 1729K, committed 1792K, reserved 1048576K
Event: 7,579 GC heap after
Heap after GC invocations=4 (full 0):
 PSYoungGen      total 50688K, used 3584K [0x00000000e2980000, 0x00000000e5e80000, 0x0000000100000000)
  eden space 47104K, 0% used [0x00000000e2980000,0x00000000e2980000,0x00000000e5780000)
  from space 3584K, 100% used [0x00000000e5b00000,0x00000000e5e80000,0x00000000e5e80000)
  to   space 3584K, 0% used [0x00000000e5780000,0x00000000e5780000,0x00000000e5b00000)
 ParOldGen       total 61440K, used 5534K [0x00000000a7c00000, 0x00000000ab800000, 0x00000000e2980000)
  object space 61440K, 9% used [0x00000000a7c00000,0x00000000a8167b48,0x00000000ab800000)
 Metaspace       used 13359K, capacity 13706K, committed 14080K, reserved 1060864K
  class space    used 1621K, capacity 1729K, committed 1792K, reserved 1048576K
}
Event: 9,409 GC heap before
{Heap before GC invocations=5 (full 0):
 PSYoungGen      total 50688K, used 50688K [0x00000000e2980000, 0x00000000e5e80000, 0x0000000100000000)
  eden space 47104K, 100% used [0x00000000e2980000,0x00000000e5780000,0x00000000e5780000)
  from space 3584K, 100% used [0x00000000e5b00000,0x00000000e5e80000,0x00000000e5e80000)
  to   space 3584K, 0% used [0x00000000e5780000,0x00000000e5780000,0x00000000e5b00000)
 ParOldGen       total 61440K, used 5534K [0x00000000a7c00000, 0x00000000ab800000, 0x00000000e2980000)
  object space 61440K, 9% used [0x00000000a7c00000,0x00000000a8167b48,0x00000000ab800000)
 Metaspace       used 13498K, capacity 13904K, committed 14080K, reserved 1060864K
  class space    used 1625K, capacity 1730K, committed 1792K, reserved 1048576K

