# JRE version: Java(TM) SE Runtime Environment (8.0_73-b02) (build 1.8.0_73-b02)
# Java VM: Java HotSpot(TM) 64-Bit Server VM (25.73-b02 mixed mode linux-amd64 compressed oops)
Heap:
 PSYoungGen      total 97792K, used 3568K [0x00000000e2980000, 0x00000000e8c80000, 0x0000000100000000)
  eden space 94208K, 0% used [0x00000000e2980000,0x00000000e2980000,0x00000000e8580000)
  from space 3584K, 99% used [0x00000000e8580000,0x00000000e88fc030,0x00000000e8900000)
  to   space 3584K, 0% used [0x00000000e8900000,0x00000000e8900000,0x00000000e8c80000)
 ParOldGen       total 61440K, used 13784K [0x00000000a7c00000, 0x00000000ab800000, 0x00000000e2980000)
  object space 61440K, 22% used [0x00000000a7c00000,0x00000000a89762d0,0x00000000ab800000)
 Metaspace       used 18541K, capacity 19044K, committed 19072K, reserved 1067008K
  class space    used 2257K, capacity 2404K, committed 2432K, reserved 1048576K
GC Heap History (9 events):
Event: 1,412 GC heap before
{Heap before GC invocations=1 (full 0):
 PSYoungGen      total 27136K, used 23552K [0x00000000e2980000, 0x00000000e4780000, 0x0000000100000000)
  eden space 23552K, 100% used [0x00000000e2980000,0x00000000e4080000,0x00000000e4080000)
  from space 3584K, 0% used [0x00000000e4400000,0x00000000e4400000,0x00000000e4780000)
  to   space 3584K, 0% used [0x00000000e4080000,0x00000000e4080000,0x00000000e4400000)
 ParOldGen       total 61440K, used 0K [0x00000000a7c00000, 0x00000000ab800000, 0x00000000e2980000)
  object space 61440K, 0% used [0x00000000a7c00000,0x00000000a7c00000,0x00000000ab800000)
 Metaspace       used 6879K, capacity 7100K, committed 7424K, reserved 1056768K
  class space    used 861K, capacity 924K, committed 1024K, reserved 1048576K
Event: 1,430 GC heap after
Heap after GC invocations=1 (full 0):
 PSYoungGen      total 27136K, used 3579K [0x00000000e2980000, 0x00000000e5e80000, 0x0000000100000000)
  eden space 23552K, 0% used [0x00000000e2980000,0x00000000e2980000,0x00000000e4080000)
  from space 3584K, 99% used [0x00000000e4080000,0x00000000e43fec28,0x00000000e4400000)
  to   space 3584K, 0% used [0x00000000e5b00000,0x00000000e5b00000,0x00000000e5e80000)
 ParOldGen       total 61440K, used 162K [0x00000000a7c00000, 0x00000000ab800000, 0x00000000e2980000)
  object space 61440K, 0% used [0x00000000a7c00000,0x00000000a7c28bf8,0x00000000ab800000)
 Metaspace       used 6879K, capacity 7100K, committed 7424K, reserved 1056768K
  class space    used 861K, capacity 924K, committed 1024K, reserved 1048576K
}
Event: 2,215 GC heap before
{Heap before GC invocations=2 (full 0):
 PSYoungGen      total 27136K, used 27131K [0x00000000e2980000, 0x00000000e5e80000, 0x0000000100000000)
  eden space 23552K, 100% used [0x00000000e2980000,0x00000000e4080000,0x00000000e4080000)
  from space 3584K, 99% used [0x00000000e4080000,0x00000000e43fec28,0x00000000e4400000)
  to   space 3584K, 0% used [0x00000000e5b00000,0x00000000e5b00000,0x00000000e5e80000)
 ParOldGen       total 61440K, used 162K [0x00000000a7c00000, 0x00000000ab800000, 0x00000000e2980000)
  object space 61440K, 0% used [0x00000000a7c00000,0x00000000a7c28bf8,0x00000000ab800000)
 Metaspace       used 9715K, capacity 9948K, committed 10112K, reserved 1058816K
  class space    used 1241K, capacity 1313K, committed 1408K, reserved 1048576K
Event: 2,248 GC heap after
Heap after GC invocations=2 (full 0):
 PSYoungGen      total 50688K, used 3570K [0x00000000e2980000, 0x00000000e5e80000, 0x0000000100000000)
  eden space 47104K, 0% used [0x00000000e2980000,0x00000000e2980000,0x00000000e5780000)
  from space 3584K, 99% used [0x00000000e5b00000,0x00000000e5e7c980,0x00000000e5e80000)
  to   space 3584K, 0% used [0x00000000e5780000,0x00000000e5780000,0x00000000e5b00000)
 ParOldGen       total 61440K, used 1472K [0x00000000a7c00000, 0x00000000ab800000, 0x00000000e2980000)
  object space 61440K, 2% used [0x00000000a7c00000,0x00000000a7d702d8,0x00000000ab800000)
 Metaspace       used 9715K, capacity 9948K, committed 10112K, reserved 1058816K
  class space    used 1241K, capacity 1313K, committed 1408K, reserved 1048576K
}
Event: 3,771 GC heap before
{Heap before GC invocations=3 (full 0):
 PSYoungGen      total 50688K, used 50674K [0x00000000e2980000, 0x00000000e5e80000, 0x0000000100000000)
  eden space 47104K, 100% used [0x00000000e2980000,0x00000000e5780000,0x00000000e5780000)
  from space 3584K, 99% used [0x00000000e5b00000,0x00000000e5e7c980,0x00000000e5e80000)
  to   space 3584K, 0% used [0x00000000e5780000,0x00000000e5780000,0x00000000e5b00000)
 ParOldGen       total 61440K, used 1472K [0x00000000a7c00000, 0x00000000ab800000, 0x00000000e2980000)
  object space 61440K, 2% used [0x00000000a7c00000,0x00000000a7d702d8,0x00000000ab800000)
 Metaspace       used 13371K, capacity 13694K, committed 13824K, reserved 1060864K
  class space    used 1623K, capacity 1729K, committed 1792K, reserved 1048576K
Event: 3,811 GC heap after
Heap after GC invocations=3 (full 0):
 PSYoungGen      total 50688K, used 3552K [0x00000000e2980000, 0x00000000e8c80000, 0x0000000100000000)
  eden space 47104K, 0% used [0x00000000e2980000,0x00000000e2980000,0x00000000e5780000)
  from space 3584K, 99% used [0x00000000e5780000,0x00000000e5af8020,0x00000000e5b00000)
  to   space 3584K, 0% used [0x00000000e8900000,0x00000000e8900000,0x00000000e8c80000)
 ParOldGen       total 61440K, used 5586K [0x00000000a7c00000, 0x00000000ab800000, 0x00000000e2980000)
  object space 61440K, 9% used [0x00000000a7c00000,0x00000000a8174940,0x00000000ab800000)
 Metaspace       used 13371K, capacity 13694K, committed 13824K, reserved 1060864K
  class space    used 1623K, capacity 1729K, committed 1792K, reserved 1048576K
}
Event: 4,438 GC heap before
{Heap before GC invocations=4 (full 0):
 PSYoungGen      total 50688K, used 50656K [0x00000000e2980000, 0x00000000e8c80000, 0x0000000100000000)
  eden space 47104K, 100% used [0x00000000e2980000,0x00000000e5780000,0x00000000e5780000)
  from space 3584K, 99% used [0x00000000e5780000,0x00000000e5af8020,0x00000000e5b00000)
  to   space 3584K, 0% used [0x00000000e8900000,0x00000000e8900000,0x00000000e8c80000)
 ParOldGen       total 61440K, used 5586K [0x00000000a7c00000, 0x00000000ab800000, 0x00000000e2980000)
  object space 61440K, 9% used [0x00000000a7c00000,0x00000000a8174940,0x00000000ab800000)
 Metaspace       used 13499K, capacity 13892K, committed 14080K, reserved 1060864K
  class space    used 1627K, capacity 1730K, committed 1792K, reserved 1048576K
Event: 4,489 GC heap after
Heap after GC invocations=4 (full 0):
 PSYoungGen      total 97792K, used 3552K [0x00000000e2980000, 0x00000000e8c80000, 0x0000000100000000)
  eden space 94208K, 0% used [0x00000000e2980000,0x00000000e2980000,0x00000000e8580000)
  from space 3584K, 99% used [0x00000000e8900000,0x00000000e8c78020,0x00000000e8c80000)
  to   space 3584K, 0% used [0x00000000e8580000,0x00000000e8580000,0x00000000e8900000)
 ParOldGen       total 61440K, used 7966K [0x00000000a7c00000, 0x00000000ab800000, 0x00000000e2980000)
  object space 61440K, 12% used [0x00000000a7c00000,0x00000000a83c7950,0x00000000ab800000)
 Metaspace       used 13499K, capacity 13892K, committed 14080K, reserved 1060864K
  class space    used 1627K, capacity 1730K, committed 1792K, reserved 1048576K
}
Event: 6,824 GC heap before
{Heap before GC invocations=5 (full 0):
 PSYoungGen      total 97792K, used 97760K [0x00000000e2980000, 0x00000000e8c80000, 0x0000000100000000)
  eden space 94208K, 100% used [0x00000000e2980000,0x00000000e8580000,0x00000000e8580000)
  from space 3584K, 99% used [0x00000000e8900000,0x00000000e8c78020,0x00000000e8c80000)
  to   space 3584K, 0% used [0x00000000e8580000,0x00000000e8580000,0x00000000e8900000)
 ParOldGen       total 61440K, used 7966K [0x00000000a7c00000, 0x00000000ab800000, 0x00000000e2980000)
  object space 61440K, 12% used [0x00000000a7c00000,0x00000000a83c7950,0x00000000ab800000)
 Metaspace       used 18541K, capacity 19044K, committed 19072K, reserved 1067008K
  class space    used 2257K, capacity 2404K, committed 2432K, reserved 1048576K

